Arguments: 
  D:\Program Files\nodejs\node.exe F:\Program Files (x86)\Yarn\bin\yarn.js info reactDom

PATH: 
  C:\Users\Administrator\bin;D:\Program Files\Git\mingw64\bin;D:\Program Files\Git\usr\local\bin;D:\Program Files\Git\usr\bin;D:\Program Files\Git\usr\bin;D:\Program Files\Git\mingw64\bin;D:\Program Files\Git\usr\bin;C:\Users\Administrator\bin;C:\ProgramData\Oracle\Java\javapath;C:\Windows\system32;C:\Windows;C:\Windows\System32\Wbem;C:\Windows\System32\WindowsPowerShell\v1.0;D:\Program Files\nodejs;D:\Program Files\Git\cmd;F:\Program Files (x86)\Yarn\bin;C:\Program Files\MongoDB\Server\3.4\bin;D:\Program Files (x86)\Microsoft VS Code\bin;C:\Users\Administrator\AppData\Roaming\npm;C:\Users\Administrator\AppData\Local\Yarn\bin;C:\Program Files\MongoDB\Server\3.4\bin;D:\Program Files\Git\usr\bin\vendor_perl;D:\Program Files\Git\usr\bin\core_perl

Yarn version: 
  0.24.6

Node version: 
  6.10.3

Platform: 
  win32 x64

npm manifest: 
  No manifest

yarn manifest: 
  No manifest

Lockfile: 
  No lockfile

Trace: 
  Error: http://registry.cnpmjs.org/reactDom: not_found
      at Request.params.callback [as _callback] (F:\Program Files (x86)\Yarn\lib\yarn-cli.js:56255:18)
      at Request.self.callback (F:\Program Files (x86)\Yarn\lib\yarn-cli.js:107854:22)
      at emitTwo (events.js:106:13)
      at Request.emit (events.js:191:7)
      at Request.<anonymous> (F:\Program Files (x86)\Yarn\lib\yarn-cli.js:108837:10)
      at emitOne (events.js:96:13)
      at Request.emit (events.js:188:7)
      at Gunzip.<anonymous> (F:\Program Files (x86)\Yarn\lib\yarn-cli.js:108757:12)
      at Gunzip.g (events.js:292:16)
      at emitNone (events.js:91:20)
